<?xml version="1.0" encoding="UTF-8"?>
<!-- Generated by org.testng.reporters.JUnitReportReporter -->
<testsuite hostname="Pratikshas-MacBook-Air-2.local" name="com.selenium.test.test.webpage.App" tests="1" failures="0" timestamp="12 Oct 2016 03:10:42 GMT" time="0.018" errors="0">
  <testcase name="testAdd" time="0.018" classname="com.selenium.test.test.webpage.App"/>
</testsuite> <!-- com.selenium.test.test.webpage.App -->
